C:\SVN\THIRDPARTY\ODE-0.12\LIB\RELEASESINGLELIB\ODE.PDB
C:\SVN\THIRDPARTY\ODE-0.12\BUILD\VS2012\OBJ\RELEASESINGLELIB\FASTLTSOLVE.OBJ
C:\SVN\THIRDPARTY\ODE-0.12\BUILD\VS2012\OBJ\RELEASESINGLELIB\NEXTAFTERF.OBJ
C:\SVN\THIRDPARTY\ODE-0.12\BUILD\VS2012\OBJ\RELEASESINGLELIB\FASTDOT.OBJ
C:\SVN\THIRDPARTY\ODE-0.12\BUILD\VS2012\OBJ\RELEASESINGLELIB\FASTLDLT.OBJ
C:\SVN\THIRDPARTY\ODE-0.12\BUILD\VS2012\OBJ\RELEASESINGLELIB\FASTLSOLVE.OBJ
C:\SVN\THIRDPARTY\ODE-0.12\LIB\RELEASESINGLELIB\ODE_SINGLE.LIB
C:\svn\ThirdParty\ode-0.12\build\vs2012\obj\ReleaseSingleLib\amotor.obj
C:\svn\ThirdParty\ode-0.12\build\vs2012\obj\ReleaseSingleLib\array.obj
C:\svn\ThirdParty\ode-0.12\build\vs2012\obj\ReleaseSingleLib\ball.obj
C:\svn\ThirdParty\ode-0.12\build\vs2012\obj\ReleaseSingleLib\box.obj
C:\svn\ThirdParty\ode-0.12\build\vs2012\obj\ReleaseSingleLib\capsule.obj
C:\svn\ThirdParty\ode-0.12\build\vs2012\obj\ReleaseSingleLib\collision_cylinder_box.obj
C:\svn\ThirdParty\ode-0.12\build\vs2012\obj\ReleaseSingleLib\collision_cylinder_plane.obj
C:\svn\ThirdParty\ode-0.12\build\vs2012\obj\ReleaseSingleLib\collision_cylinder_sphere.obj
C:\svn\ThirdParty\ode-0.12\build\vs2012\obj\ReleaseSingleLib\collision_cylinder_trimesh.obj
C:\svn\ThirdParty\ode-0.12\build\vs2012\obj\ReleaseSingleLib\collision_kernel.obj
C:\svn\ThirdParty\ode-0.12\build\vs2012\obj\ReleaseSingleLib\collision_quadtreespace.obj
C:\svn\ThirdParty\ode-0.12\build\vs2012\obj\ReleaseSingleLib\collision_sapspace.obj
C:\svn\ThirdParty\ode-0.12\build\vs2012\obj\ReleaseSingleLib\collision_space.obj
C:\svn\ThirdParty\ode-0.12\build\vs2012\obj\ReleaseSingleLib\collision_transform.obj
C:\svn\ThirdParty\ode-0.12\build\vs2012\obj\ReleaseSingleLib\collision_trimesh_box.obj
C:\svn\ThirdParty\ode-0.12\build\vs2012\obj\ReleaseSingleLib\collision_trimesh_ccylinder.obj
C:\svn\ThirdParty\ode-0.12\build\vs2012\obj\ReleaseSingleLib\collision_trimesh_disabled.obj
C:\svn\ThirdParty\ode-0.12\build\vs2012\obj\ReleaseSingleLib\collision_trimesh_distance.obj
C:\svn\ThirdParty\ode-0.12\build\vs2012\obj\ReleaseSingleLib\collision_trimesh_gimpact.obj
C:\svn\ThirdParty\ode-0.12\build\vs2012\obj\ReleaseSingleLib\collision_trimesh_opcode.obj
C:\svn\ThirdParty\ode-0.12\build\vs2012\obj\ReleaseSingleLib\collision_trimesh_plane.obj
C:\svn\ThirdParty\ode-0.12\build\vs2012\obj\ReleaseSingleLib\collision_trimesh_ray.obj
C:\svn\ThirdParty\ode-0.12\build\vs2012\obj\ReleaseSingleLib\collision_trimesh_sphere.obj
C:\svn\ThirdParty\ode-0.12\build\vs2012\obj\ReleaseSingleLib\collision_trimesh_trimesh.obj
C:\svn\ThirdParty\ode-0.12\build\vs2012\obj\ReleaseSingleLib\collision_trimesh_trimesh_new.obj
C:\svn\ThirdParty\ode-0.12\build\vs2012\obj\ReleaseSingleLib\collision_util.obj
C:\svn\ThirdParty\ode-0.12\build\vs2012\obj\ReleaseSingleLib\contact.obj
C:\svn\ThirdParty\ode-0.12\build\vs2012\obj\ReleaseSingleLib\convex.obj
C:\svn\ThirdParty\ode-0.12\build\vs2012\obj\ReleaseSingleLib\cylinder.obj
C:\svn\ThirdParty\ode-0.12\build\vs2012\obj\ReleaseSingleLib\error.obj
C:\svn\ThirdParty\ode-0.12\build\vs2012\obj\ReleaseSingleLib\export-dif.obj
C:\svn\ThirdParty\ode-0.12\build\vs2012\obj\ReleaseSingleLib\fastdot.obj
C:\svn\ThirdParty\ode-0.12\build\vs2012\obj\ReleaseSingleLib\fastldlt.obj
C:\svn\ThirdParty\ode-0.12\build\vs2012\obj\ReleaseSingleLib\fastlsolve.obj
C:\svn\ThirdParty\ode-0.12\build\vs2012\obj\ReleaseSingleLib\fastltsolve.obj
C:\svn\ThirdParty\ode-0.12\build\vs2012\obj\ReleaseSingleLib\fixed.obj
C:\svn\ThirdParty\ode-0.12\build\vs2012\obj\ReleaseSingleLib\heightfield.obj
C:\svn\ThirdParty\ode-0.12\build\vs2012\obj\ReleaseSingleLib\hinge.obj
C:\svn\ThirdParty\ode-0.12\build\vs2012\obj\ReleaseSingleLib\hinge2.obj
C:\svn\ThirdParty\ode-0.12\build\vs2012\obj\ReleaseSingleLib\IceAABB.obj
C:\svn\ThirdParty\ode-0.12\build\vs2012\obj\ReleaseSingleLib\IceContainer.obj
C:\svn\ThirdParty\ode-0.12\build\vs2012\obj\ReleaseSingleLib\IceHPoint.obj
C:\svn\ThirdParty\ode-0.12\build\vs2012\obj\ReleaseSingleLib\IceIndexedTriangle.obj
C:\svn\ThirdParty\ode-0.12\build\vs2012\obj\ReleaseSingleLib\IceMatrix3x3.obj
C:\svn\ThirdParty\ode-0.12\build\vs2012\obj\ReleaseSingleLib\IceMatrix4x4.obj
C:\svn\ThirdParty\ode-0.12\build\vs2012\obj\ReleaseSingleLib\IceOBB.obj
C:\svn\ThirdParty\ode-0.12\build\vs2012\obj\ReleaseSingleLib\IcePlane.obj
C:\svn\ThirdParty\ode-0.12\build\vs2012\obj\ReleaseSingleLib\IcePoint.obj
C:\svn\ThirdParty\ode-0.12\build\vs2012\obj\ReleaseSingleLib\IceRandom.obj
C:\svn\ThirdParty\ode-0.12\build\vs2012\obj\ReleaseSingleLib\IceRay.obj
C:\svn\ThirdParty\ode-0.12\build\vs2012\obj\ReleaseSingleLib\IceRevisitedRadix.obj
C:\svn\ThirdParty\ode-0.12\build\vs2012\obj\ReleaseSingleLib\IceSegment.obj
C:\svn\ThirdParty\ode-0.12\build\vs2012\obj\ReleaseSingleLib\IceTriangle.obj
C:\svn\ThirdParty\ode-0.12\build\vs2012\obj\ReleaseSingleLib\IceUtils.obj
C:\svn\ThirdParty\ode-0.12\build\vs2012\obj\ReleaseSingleLib\joint.obj
C:\svn\ThirdParty\ode-0.12\build\vs2012\obj\ReleaseSingleLib\lcp.obj
C:\svn\ThirdParty\ode-0.12\build\vs2012\obj\ReleaseSingleLib\lmotor.obj
C:\svn\ThirdParty\ode-0.12\build\vs2012\obj\ReleaseSingleLib\mass.obj
C:\svn\ThirdParty\ode-0.12\build\vs2012\obj\ReleaseSingleLib\mat.obj
C:\svn\ThirdParty\ode-0.12\build\vs2012\obj\ReleaseSingleLib\matrix.obj
C:\svn\ThirdParty\ode-0.12\build\vs2012\obj\ReleaseSingleLib\memory.obj
C:\svn\ThirdParty\ode-0.12\build\vs2012\obj\ReleaseSingleLib\misc.obj
C:\svn\ThirdParty\ode-0.12\build\vs2012\obj\ReleaseSingleLib\nextafterf.obj
C:\svn\ThirdParty\ode-0.12\build\vs2012\obj\ReleaseSingleLib\null.obj
C:\svn\ThirdParty\ode-0.12\build\vs2012\obj\ReleaseSingleLib\obstack.obj
C:\svn\ThirdParty\ode-0.12\build\vs2012\obj\ReleaseSingleLib\ode.obj
C:\svn\ThirdParty\ode-0.12\build\vs2012\obj\ReleaseSingleLib\odeinit.obj
C:\svn\ThirdParty\ode-0.12\build\vs2012\obj\ReleaseSingleLib\odemath.obj
C:\svn\ThirdParty\ode-0.12\build\vs2012\obj\ReleaseSingleLib\odeou.obj
C:\svn\ThirdParty\ode-0.12\build\vs2012\obj\ReleaseSingleLib\odetls.obj
C:\svn\ThirdParty\ode-0.12\build\vs2012\obj\ReleaseSingleLib\Opcode.obj
C:\svn\ThirdParty\ode-0.12\build\vs2012\obj\ReleaseSingleLib\OPC_AABBCollider.obj
C:\svn\ThirdParty\ode-0.12\build\vs2012\obj\ReleaseSingleLib\OPC_AABBTree.obj
C:\svn\ThirdParty\ode-0.12\build\vs2012\obj\ReleaseSingleLib\OPC_BaseModel.obj
C:\svn\ThirdParty\ode-0.12\build\vs2012\obj\ReleaseSingleLib\OPC_Collider.obj
C:\svn\ThirdParty\ode-0.12\build\vs2012\obj\ReleaseSingleLib\OPC_Common.obj
C:\svn\ThirdParty\ode-0.12\build\vs2012\obj\ReleaseSingleLib\OPC_HybridModel.obj
C:\svn\ThirdParty\ode-0.12\build\vs2012\obj\ReleaseSingleLib\OPC_LSSCollider.obj
C:\svn\ThirdParty\ode-0.12\build\vs2012\obj\ReleaseSingleLib\OPC_MeshInterface.obj
C:\svn\ThirdParty\ode-0.12\build\vs2012\obj\ReleaseSingleLib\OPC_Model.obj
C:\svn\ThirdParty\ode-0.12\build\vs2012\obj\ReleaseSingleLib\OPC_OBBCollider.obj
C:\svn\ThirdParty\ode-0.12\build\vs2012\obj\ReleaseSingleLib\OPC_OptimizedTree.obj
C:\svn\ThirdParty\ode-0.12\build\vs2012\obj\ReleaseSingleLib\OPC_Picking.obj
C:\svn\ThirdParty\ode-0.12\build\vs2012\obj\ReleaseSingleLib\OPC_PlanesCollider.obj
C:\svn\ThirdParty\ode-0.12\build\vs2012\obj\ReleaseSingleLib\OPC_RayCollider.obj
C:\svn\ThirdParty\ode-0.12\build\vs2012\obj\ReleaseSingleLib\OPC_SphereCollider.obj
C:\svn\ThirdParty\ode-0.12\build\vs2012\obj\ReleaseSingleLib\OPC_TreeBuilders.obj
C:\svn\ThirdParty\ode-0.12\build\vs2012\obj\ReleaseSingleLib\OPC_TreeCollider.obj
C:\svn\ThirdParty\ode-0.12\build\vs2012\obj\ReleaseSingleLib\OPC_VolumeCollider.obj
C:\svn\ThirdParty\ode-0.12\build\vs2012\obj\ReleaseSingleLib\piston.obj
C:\svn\ThirdParty\ode-0.12\build\vs2012\obj\ReleaseSingleLib\plane.obj
C:\svn\ThirdParty\ode-0.12\build\vs2012\obj\ReleaseSingleLib\plane2d.obj
C:\svn\ThirdParty\ode-0.12\build\vs2012\obj\ReleaseSingleLib\pr.obj
C:\svn\ThirdParty\ode-0.12\build\vs2012\obj\ReleaseSingleLib\pu.obj
C:\svn\ThirdParty\ode-0.12\build\vs2012\obj\ReleaseSingleLib\quickstep.obj
C:\svn\ThirdParty\ode-0.12\build\vs2012\obj\ReleaseSingleLib\ray.obj
C:\svn\ThirdParty\ode-0.12\build\vs2012\obj\ReleaseSingleLib\rotation.obj
C:\svn\ThirdParty\ode-0.12\build\vs2012\obj\ReleaseSingleLib\slider.obj
C:\svn\ThirdParty\ode-0.12\build\vs2012\obj\ReleaseSingleLib\sphere.obj
C:\svn\ThirdParty\ode-0.12\build\vs2012\obj\ReleaseSingleLib\step.obj
C:\svn\ThirdParty\ode-0.12\build\vs2012\obj\ReleaseSingleLib\timer.obj
C:\svn\ThirdParty\ode-0.12\build\vs2012\obj\ReleaseSingleLib\universal.obj
C:\svn\ThirdParty\ode-0.12\build\vs2012\obj\ReleaseSingleLib\util.obj
C:\svn\ThirdParty\ode-0.12\build\vs2012\obj\ReleaseSingleLib\CL.12160.read.1.tlog
C:\svn\ThirdParty\ode-0.12\build\vs2012\obj\ReleaseSingleLib\CL.12160.write.1.tlog
C:\svn\ThirdParty\ode-0.12\build\vs2012\obj\ReleaseSingleLib\CL.12800.read.1.tlog
C:\svn\ThirdParty\ode-0.12\build\vs2012\obj\ReleaseSingleLib\CL.12800.write.1.tlog
C:\svn\ThirdParty\ode-0.12\build\vs2012\obj\ReleaseSingleLib\CL.13164.read.1.tlog
C:\svn\ThirdParty\ode-0.12\build\vs2012\obj\ReleaseSingleLib\CL.13164.write.1.tlog
C:\svn\ThirdParty\ode-0.12\build\vs2012\obj\ReleaseSingleLib\CL.13980.read.1.tlog
C:\svn\ThirdParty\ode-0.12\build\vs2012\obj\ReleaseSingleLib\CL.13980.write.1.tlog
C:\svn\ThirdParty\ode-0.12\build\vs2012\obj\ReleaseSingleLib\CL.14184.read.1.tlog
C:\svn\ThirdParty\ode-0.12\build\vs2012\obj\ReleaseSingleLib\CL.14184.write.1.tlog
C:\svn\ThirdParty\ode-0.12\build\vs2012\obj\ReleaseSingleLib\CL.3876.read.1.tlog
C:\svn\ThirdParty\ode-0.12\build\vs2012\obj\ReleaseSingleLib\CL.3876.write.1.tlog
C:\svn\ThirdParty\ode-0.12\build\vs2012\obj\ReleaseSingleLib\CL.632.read.1.tlog
C:\svn\ThirdParty\ode-0.12\build\vs2012\obj\ReleaseSingleLib\CL.632.write.1.tlog
C:\svn\ThirdParty\ode-0.12\build\vs2012\obj\ReleaseSingleLib\CL.6560.read.1.tlog
C:\svn\ThirdParty\ode-0.12\build\vs2012\obj\ReleaseSingleLib\CL.6560.write.1.tlog
C:\svn\ThirdParty\ode-0.12\build\vs2012\obj\ReleaseSingleLib\CL.6856.read.1.tlog
C:\svn\ThirdParty\ode-0.12\build\vs2012\obj\ReleaseSingleLib\CL.6856.write.1.tlog
C:\svn\ThirdParty\ode-0.12\build\vs2012\obj\ReleaseSingleLib\CL.7060.read.1.tlog
C:\svn\ThirdParty\ode-0.12\build\vs2012\obj\ReleaseSingleLib\CL.7060.write.1.tlog
C:\svn\ThirdParty\ode-0.12\build\vs2012\obj\ReleaseSingleLib\CL.7076.read.1.tlog
C:\svn\ThirdParty\ode-0.12\build\vs2012\obj\ReleaseSingleLib\CL.7076.write.1.tlog
C:\svn\ThirdParty\ode-0.12\build\vs2012\obj\ReleaseSingleLib\CL.8244.read.1.tlog
C:\svn\ThirdParty\ode-0.12\build\vs2012\obj\ReleaseSingleLib\CL.8244.write.1.tlog
C:\svn\ThirdParty\ode-0.12\build\vs2012\obj\ReleaseSingleLib\CL.8320.read.1.tlog
C:\svn\ThirdParty\ode-0.12\build\vs2012\obj\ReleaseSingleLib\CL.8320.write.1.tlog
C:\svn\ThirdParty\ode-0.12\build\vs2012\obj\ReleaseSingleLib\cl.command.1.tlog
C:\svn\ThirdParty\ode-0.12\build\vs2012\obj\ReleaseSingleLib\CL.read.1.tlog
C:\svn\ThirdParty\ode-0.12\build\vs2012\obj\ReleaseSingleLib\cl.write.1.tlog
C:\svn\ThirdParty\ode-0.12\build\vs2012\obj\ReleaseSingleLib\Lib-link.read.1.tlog
C:\svn\ThirdParty\ode-0.12\build\vs2012\obj\ReleaseSingleLib\Lib-link.write.1.tlog
C:\svn\ThirdParty\ode-0.12\build\vs2012\obj\ReleaseSingleLib\lib.command.1.tlog
