C:\SVN\THIRDPARTY\ODE-0.12\BUILD\VS2012\OBJ\DEBUGSINGLELIB\ICEUTILS.OBJ
C:\SVN\THIRDPARTY\ODE-0.12\BUILD\VS2012\OBJ\DEBUGSINGLELIB\OPCODE.OBJ
C:\SVN\THIRDPARTY\ODE-0.12\BUILD\VS2012\OBJ\DEBUGSINGLELIB\OPC_AABBCOLLIDER.OBJ
C:\SVN\THIRDPARTY\ODE-0.12\BUILD\VS2012\OBJ\DEBUGSINGLELIB\OPC_AABBTREE.OBJ
C:\SVN\THIRDPARTY\ODE-0.12\BUILD\VS2012\OBJ\DEBUGSINGLELIB\OPC_BASEMODEL.OBJ
C:\SVN\THIRDPARTY\ODE-0.12\BUILD\VS2012\OBJ\DEBUGSINGLELIB\OPC_COLLIDER.OBJ
C:\SVN\THIRDPARTY\ODE-0.12\BUILD\VS2012\OBJ\DEBUGSINGLELIB\OPC_COMMON.OBJ
C:\SVN\THIRDPARTY\ODE-0.12\BUILD\VS2012\OBJ\DEBUGSINGLELIB\OPC_HYBRIDMODEL.OBJ
C:\SVN\THIRDPARTY\ODE-0.12\BUILD\VS2012\OBJ\DEBUGSINGLELIB\OPC_LSSCOLLIDER.OBJ
C:\SVN\THIRDPARTY\ODE-0.12\BUILD\VS2012\OBJ\DEBUGSINGLELIB\OPC_MESHINTERFACE.OBJ
C:\SVN\THIRDPARTY\ODE-0.12\BUILD\VS2012\OBJ\DEBUGSINGLELIB\OPC_MODEL.OBJ
C:\SVN\THIRDPARTY\ODE-0.12\BUILD\VS2012\OBJ\DEBUGSINGLELIB\OPC_OBBCOLLIDER.OBJ
C:\SVN\THIRDPARTY\ODE-0.12\BUILD\VS2012\OBJ\DEBUGSINGLELIB\OPC_OPTIMIZEDTREE.OBJ
C:\SVN\THIRDPARTY\ODE-0.12\BUILD\VS2012\OBJ\DEBUGSINGLELIB\OPC_PICKING.OBJ
C:\SVN\THIRDPARTY\ODE-0.12\BUILD\VS2012\OBJ\DEBUGSINGLELIB\OPC_PLANESCOLLIDER.OBJ
C:\SVN\THIRDPARTY\ODE-0.12\BUILD\VS2012\OBJ\DEBUGSINGLELIB\OPC_RAYCOLLIDER.OBJ
C:\SVN\THIRDPARTY\ODE-0.12\BUILD\VS2012\OBJ\DEBUGSINGLELIB\OPC_SPHERECOLLIDER.OBJ
C:\SVN\THIRDPARTY\ODE-0.12\BUILD\VS2012\OBJ\DEBUGSINGLELIB\OPC_TREEBUILDERS.OBJ
C:\SVN\THIRDPARTY\ODE-0.12\BUILD\VS2012\OBJ\DEBUGSINGLELIB\OPC_TREECOLLIDER.OBJ
C:\SVN\THIRDPARTY\ODE-0.12\BUILD\VS2012\OBJ\DEBUGSINGLELIB\OPC_VOLUMECOLLIDER.OBJ
C:\SVN\THIRDPARTY\ODE-0.12\BUILD\VS2012\OBJ\DEBUGSINGLELIB\RAY.OBJ
C:\SVN\THIRDPARTY\ODE-0.12\BUILD\VS2012\OBJ\DEBUGSINGLELIB\ROTATION.OBJ
C:\SVN\THIRDPARTY\ODE-0.12\BUILD\VS2012\OBJ\DEBUGSINGLELIB\SPHERE.OBJ
C:\SVN\THIRDPARTY\ODE-0.12\BUILD\VS2012\OBJ\DEBUGSINGLELIB\STEP.OBJ
C:\SVN\THIRDPARTY\ODE-0.12\BUILD\VS2012\OBJ\DEBUGSINGLELIB\TIMER.OBJ
C:\SVN\THIRDPARTY\ODE-0.12\BUILD\VS2012\OBJ\DEBUGSINGLELIB\UTIL.OBJ
C:\SVN\THIRDPARTY\ODE-0.12\BUILD\VS2012\OBJ\DEBUGSINGLELIB\ICEAABB.OBJ
C:\SVN\THIRDPARTY\ODE-0.12\BUILD\VS2012\OBJ\DEBUGSINGLELIB\ICECONTAINER.OBJ
C:\SVN\THIRDPARTY\ODE-0.12\BUILD\VS2012\OBJ\DEBUGSINGLELIB\ICEHPOINT.OBJ
C:\SVN\THIRDPARTY\ODE-0.12\BUILD\VS2012\OBJ\DEBUGSINGLELIB\ICEINDEXEDTRIANGLE.OBJ
C:\SVN\THIRDPARTY\ODE-0.12\BUILD\VS2012\OBJ\DEBUGSINGLELIB\ICEMATRIX3X3.OBJ
C:\SVN\THIRDPARTY\ODE-0.12\BUILD\VS2012\OBJ\DEBUGSINGLELIB\ICEMATRIX4X4.OBJ
C:\SVN\THIRDPARTY\ODE-0.12\BUILD\VS2012\OBJ\DEBUGSINGLELIB\ICEOBB.OBJ
C:\SVN\THIRDPARTY\ODE-0.12\BUILD\VS2012\OBJ\DEBUGSINGLELIB\ICEPLANE.OBJ
C:\SVN\THIRDPARTY\ODE-0.12\BUILD\VS2012\OBJ\DEBUGSINGLELIB\ICEPOINT.OBJ
C:\SVN\THIRDPARTY\ODE-0.12\BUILD\VS2012\OBJ\DEBUGSINGLELIB\ICERANDOM.OBJ
C:\SVN\THIRDPARTY\ODE-0.12\BUILD\VS2012\OBJ\DEBUGSINGLELIB\ICERAY.OBJ
C:\SVN\THIRDPARTY\ODE-0.12\BUILD\VS2012\OBJ\DEBUGSINGLELIB\ICEREVISITEDRADIX.OBJ
C:\SVN\THIRDPARTY\ODE-0.12\BUILD\VS2012\OBJ\DEBUGSINGLELIB\ICESEGMENT.OBJ
C:\SVN\THIRDPARTY\ODE-0.12\BUILD\VS2012\OBJ\DEBUGSINGLELIB\ICETRIANGLE.OBJ
C:\SVN\THIRDPARTY\ODE-0.12\BUILD\VS2012\OBJ\DEBUGSINGLELIB\COLLISION_UTIL.OBJ
C:\SVN\THIRDPARTY\ODE-0.12\BUILD\VS2012\OBJ\DEBUGSINGLELIB\CONVEX.OBJ
C:\SVN\THIRDPARTY\ODE-0.12\BUILD\VS2012\OBJ\DEBUGSINGLELIB\CYLINDER.OBJ
C:\SVN\THIRDPARTY\ODE-0.12\BUILD\VS2012\OBJ\DEBUGSINGLELIB\ERROR.OBJ
C:\SVN\THIRDPARTY\ODE-0.12\BUILD\VS2012\OBJ\DEBUGSINGLELIB\EXPORT-DIF.OBJ
C:\SVN\THIRDPARTY\ODE-0.12\BUILD\VS2012\OBJ\DEBUGSINGLELIB\HEIGHTFIELD.OBJ
C:\SVN\THIRDPARTY\ODE-0.12\BUILD\VS2012\OBJ\DEBUGSINGLELIB\LCP.OBJ
C:\SVN\THIRDPARTY\ODE-0.12\BUILD\VS2012\OBJ\DEBUGSINGLELIB\MASS.OBJ
C:\SVN\THIRDPARTY\ODE-0.12\BUILD\VS2012\OBJ\DEBUGSINGLELIB\MAT.OBJ
C:\SVN\THIRDPARTY\ODE-0.12\BUILD\VS2012\OBJ\DEBUGSINGLELIB\MATRIX.OBJ
C:\SVN\THIRDPARTY\ODE-0.12\BUILD\VS2012\OBJ\DEBUGSINGLELIB\MEMORY.OBJ
C:\SVN\THIRDPARTY\ODE-0.12\BUILD\VS2012\OBJ\DEBUGSINGLELIB\MISC.OBJ
C:\SVN\THIRDPARTY\ODE-0.12\BUILD\VS2012\OBJ\DEBUGSINGLELIB\OBSTACK.OBJ
C:\SVN\THIRDPARTY\ODE-0.12\BUILD\VS2012\OBJ\DEBUGSINGLELIB\ODE.OBJ
C:\SVN\THIRDPARTY\ODE-0.12\BUILD\VS2012\OBJ\DEBUGSINGLELIB\ODEINIT.OBJ
C:\SVN\THIRDPARTY\ODE-0.12\BUILD\VS2012\OBJ\DEBUGSINGLELIB\ODEMATH.OBJ
C:\SVN\THIRDPARTY\ODE-0.12\BUILD\VS2012\OBJ\DEBUGSINGLELIB\ODEOU.OBJ
C:\SVN\THIRDPARTY\ODE-0.12\BUILD\VS2012\OBJ\DEBUGSINGLELIB\ODETLS.OBJ
C:\SVN\THIRDPARTY\ODE-0.12\BUILD\VS2012\OBJ\DEBUGSINGLELIB\PLANE.OBJ
C:\SVN\THIRDPARTY\ODE-0.12\BUILD\VS2012\OBJ\DEBUGSINGLELIB\QUICKSTEP.OBJ
C:\SVN\THIRDPARTY\ODE-0.12\BUILD\VS2012\OBJ\DEBUGSINGLELIB\COLLISION_CYLINDER_BOX.OBJ
C:\SVN\THIRDPARTY\ODE-0.12\BUILD\VS2012\OBJ\DEBUGSINGLELIB\COLLISION_CYLINDER_PLANE.OBJ
C:\SVN\THIRDPARTY\ODE-0.12\BUILD\VS2012\OBJ\DEBUGSINGLELIB\COLLISION_CYLINDER_SPHERE.OBJ
C:\SVN\THIRDPARTY\ODE-0.12\BUILD\VS2012\OBJ\DEBUGSINGLELIB\COLLISION_CYLINDER_TRIMESH.OBJ
C:\SVN\THIRDPARTY\ODE-0.12\BUILD\VS2012\OBJ\DEBUGSINGLELIB\COLLISION_KERNEL.OBJ
C:\SVN\THIRDPARTY\ODE-0.12\BUILD\VS2012\OBJ\DEBUGSINGLELIB\COLLISION_QUADTREESPACE.OBJ
C:\SVN\THIRDPARTY\ODE-0.12\BUILD\VS2012\OBJ\DEBUGSINGLELIB\COLLISION_SAPSPACE.OBJ
C:\SVN\THIRDPARTY\ODE-0.12\BUILD\VS2012\OBJ\DEBUGSINGLELIB\COLLISION_SPACE.OBJ
C:\SVN\THIRDPARTY\ODE-0.12\BUILD\VS2012\OBJ\DEBUGSINGLELIB\COLLISION_TRANSFORM.OBJ
C:\SVN\THIRDPARTY\ODE-0.12\BUILD\VS2012\OBJ\DEBUGSINGLELIB\COLLISION_TRIMESH_BOX.OBJ
C:\SVN\THIRDPARTY\ODE-0.12\BUILD\VS2012\OBJ\DEBUGSINGLELIB\COLLISION_TRIMESH_CCYLINDER.OBJ
C:\SVN\THIRDPARTY\ODE-0.12\BUILD\VS2012\OBJ\DEBUGSINGLELIB\COLLISION_TRIMESH_DISABLED.OBJ
C:\SVN\THIRDPARTY\ODE-0.12\BUILD\VS2012\OBJ\DEBUGSINGLELIB\COLLISION_TRIMESH_DISTANCE.OBJ
C:\SVN\THIRDPARTY\ODE-0.12\BUILD\VS2012\OBJ\DEBUGSINGLELIB\COLLISION_TRIMESH_GIMPACT.OBJ
C:\SVN\THIRDPARTY\ODE-0.12\BUILD\VS2012\OBJ\DEBUGSINGLELIB\COLLISION_TRIMESH_OPCODE.OBJ
C:\SVN\THIRDPARTY\ODE-0.12\BUILD\VS2012\OBJ\DEBUGSINGLELIB\COLLISION_TRIMESH_PLANE.OBJ
C:\SVN\THIRDPARTY\ODE-0.12\BUILD\VS2012\OBJ\DEBUGSINGLELIB\COLLISION_TRIMESH_RAY.OBJ
C:\SVN\THIRDPARTY\ODE-0.12\BUILD\VS2012\OBJ\DEBUGSINGLELIB\COLLISION_TRIMESH_SPHERE.OBJ
C:\SVN\THIRDPARTY\ODE-0.12\BUILD\VS2012\OBJ\DEBUGSINGLELIB\COLLISION_TRIMESH_TRIMESH.OBJ
C:\SVN\THIRDPARTY\ODE-0.12\BUILD\VS2012\OBJ\DEBUGSINGLELIB\COLLISION_TRIMESH_TRIMESH_NEW.OBJ
C:\SVN\THIRDPARTY\ODE-0.12\BUILD\VS2012\OBJ\DEBUGSINGLELIB\AMOTOR.OBJ
C:\SVN\THIRDPARTY\ODE-0.12\BUILD\VS2012\OBJ\DEBUGSINGLELIB\BALL.OBJ
C:\SVN\THIRDPARTY\ODE-0.12\BUILD\VS2012\OBJ\DEBUGSINGLELIB\CONTACT.OBJ
C:\SVN\THIRDPARTY\ODE-0.12\BUILD\VS2012\OBJ\DEBUGSINGLELIB\FIXED.OBJ
C:\SVN\THIRDPARTY\ODE-0.12\BUILD\VS2012\OBJ\DEBUGSINGLELIB\HINGE.OBJ
C:\SVN\THIRDPARTY\ODE-0.12\BUILD\VS2012\OBJ\DEBUGSINGLELIB\HINGE2.OBJ
C:\SVN\THIRDPARTY\ODE-0.12\BUILD\VS2012\OBJ\DEBUGSINGLELIB\JOINT.OBJ
C:\SVN\THIRDPARTY\ODE-0.12\BUILD\VS2012\OBJ\DEBUGSINGLELIB\LMOTOR.OBJ
C:\SVN\THIRDPARTY\ODE-0.12\BUILD\VS2012\OBJ\DEBUGSINGLELIB\NULL.OBJ
C:\SVN\THIRDPARTY\ODE-0.12\BUILD\VS2012\OBJ\DEBUGSINGLELIB\PISTON.OBJ
C:\SVN\THIRDPARTY\ODE-0.12\BUILD\VS2012\OBJ\DEBUGSINGLELIB\PLANE2D.OBJ
C:\SVN\THIRDPARTY\ODE-0.12\BUILD\VS2012\OBJ\DEBUGSINGLELIB\PR.OBJ
C:\SVN\THIRDPARTY\ODE-0.12\BUILD\VS2012\OBJ\DEBUGSINGLELIB\PU.OBJ
C:\SVN\THIRDPARTY\ODE-0.12\BUILD\VS2012\OBJ\DEBUGSINGLELIB\SLIDER.OBJ
C:\SVN\THIRDPARTY\ODE-0.12\BUILD\VS2012\OBJ\DEBUGSINGLELIB\UNIVERSAL.OBJ
C:\SVN\THIRDPARTY\ODE-0.12\BUILD\VS2012\OBJ\DEBUGSINGLELIB\ARRAY.OBJ
C:\SVN\THIRDPARTY\ODE-0.12\BUILD\VS2012\OBJ\DEBUGSINGLELIB\BOX.OBJ
C:\SVN\THIRDPARTY\ODE-0.12\BUILD\VS2012\OBJ\DEBUGSINGLELIB\CAPSULE.OBJ
C:\SVN\THIRDPARTY\ODE-0.12\LIB\DEBUGSINGLELIB\ODE.PDB
C:\SVN\THIRDPARTY\ODE-0.12\BUILD\VS2012\OBJ\DEBUGSINGLELIB\FASTDOT.OBJ
C:\SVN\THIRDPARTY\ODE-0.12\BUILD\VS2012\OBJ\DEBUGSINGLELIB\FASTLDLT.OBJ
C:\SVN\THIRDPARTY\ODE-0.12\BUILD\VS2012\OBJ\DEBUGSINGLELIB\FASTLSOLVE.OBJ
C:\SVN\THIRDPARTY\ODE-0.12\BUILD\VS2012\OBJ\DEBUGSINGLELIB\FASTLTSOLVE.OBJ
C:\SVN\THIRDPARTY\ODE-0.12\BUILD\VS2012\OBJ\DEBUGSINGLELIB\NEXTAFTERF.OBJ
C:\SVN\THIRDPARTY\ODE-0.12\LIB\DEBUGSINGLELIB\ODE_SINGLED.LIB
C:\svn\ThirdParty\ode-0.12\build\vs2012\obj\DebugSingleLib\amotor.obj
C:\svn\ThirdParty\ode-0.12\build\vs2012\obj\DebugSingleLib\array.obj
C:\svn\ThirdParty\ode-0.12\build\vs2012\obj\DebugSingleLib\ball.obj
C:\svn\ThirdParty\ode-0.12\build\vs2012\obj\DebugSingleLib\box.obj
C:\svn\ThirdParty\ode-0.12\build\vs2012\obj\DebugSingleLib\capsule.obj
C:\svn\ThirdParty\ode-0.12\build\vs2012\obj\DebugSingleLib\collision_cylinder_box.obj
C:\svn\ThirdParty\ode-0.12\build\vs2012\obj\DebugSingleLib\collision_cylinder_plane.obj
C:\svn\ThirdParty\ode-0.12\build\vs2012\obj\DebugSingleLib\collision_cylinder_sphere.obj
C:\svn\ThirdParty\ode-0.12\build\vs2012\obj\DebugSingleLib\collision_cylinder_trimesh.obj
C:\svn\ThirdParty\ode-0.12\build\vs2012\obj\DebugSingleLib\collision_kernel.obj
C:\svn\ThirdParty\ode-0.12\build\vs2012\obj\DebugSingleLib\collision_quadtreespace.obj
C:\svn\ThirdParty\ode-0.12\build\vs2012\obj\DebugSingleLib\collision_sapspace.obj
C:\svn\ThirdParty\ode-0.12\build\vs2012\obj\DebugSingleLib\collision_space.obj
C:\svn\ThirdParty\ode-0.12\build\vs2012\obj\DebugSingleLib\collision_transform.obj
C:\svn\ThirdParty\ode-0.12\build\vs2012\obj\DebugSingleLib\collision_trimesh_box.obj
C:\svn\ThirdParty\ode-0.12\build\vs2012\obj\DebugSingleLib\collision_trimesh_ccylinder.obj
C:\svn\ThirdParty\ode-0.12\build\vs2012\obj\DebugSingleLib\collision_trimesh_disabled.obj
C:\svn\ThirdParty\ode-0.12\build\vs2012\obj\DebugSingleLib\collision_trimesh_distance.obj
C:\svn\ThirdParty\ode-0.12\build\vs2012\obj\DebugSingleLib\collision_trimesh_gimpact.obj
C:\svn\ThirdParty\ode-0.12\build\vs2012\obj\DebugSingleLib\collision_trimesh_opcode.obj
C:\svn\ThirdParty\ode-0.12\build\vs2012\obj\DebugSingleLib\collision_trimesh_plane.obj
C:\svn\ThirdParty\ode-0.12\build\vs2012\obj\DebugSingleLib\collision_trimesh_ray.obj
C:\svn\ThirdParty\ode-0.12\build\vs2012\obj\DebugSingleLib\collision_trimesh_sphere.obj
C:\svn\ThirdParty\ode-0.12\build\vs2012\obj\DebugSingleLib\collision_trimesh_trimesh.obj
C:\svn\ThirdParty\ode-0.12\build\vs2012\obj\DebugSingleLib\collision_trimesh_trimesh_new.obj
C:\svn\ThirdParty\ode-0.12\build\vs2012\obj\DebugSingleLib\collision_util.obj
C:\svn\ThirdParty\ode-0.12\build\vs2012\obj\DebugSingleLib\contact.obj
C:\svn\ThirdParty\ode-0.12\build\vs2012\obj\DebugSingleLib\convex.obj
C:\svn\ThirdParty\ode-0.12\build\vs2012\obj\DebugSingleLib\cylinder.obj
C:\svn\ThirdParty\ode-0.12\build\vs2012\obj\DebugSingleLib\error.obj
C:\svn\ThirdParty\ode-0.12\build\vs2012\obj\DebugSingleLib\export-dif.obj
C:\svn\ThirdParty\ode-0.12\build\vs2012\obj\DebugSingleLib\fastdot.obj
C:\svn\ThirdParty\ode-0.12\build\vs2012\obj\DebugSingleLib\fastldlt.obj
C:\svn\ThirdParty\ode-0.12\build\vs2012\obj\DebugSingleLib\fastlsolve.obj
C:\svn\ThirdParty\ode-0.12\build\vs2012\obj\DebugSingleLib\fastltsolve.obj
C:\svn\ThirdParty\ode-0.12\build\vs2012\obj\DebugSingleLib\fixed.obj
C:\svn\ThirdParty\ode-0.12\build\vs2012\obj\DebugSingleLib\heightfield.obj
C:\svn\ThirdParty\ode-0.12\build\vs2012\obj\DebugSingleLib\hinge.obj
C:\svn\ThirdParty\ode-0.12\build\vs2012\obj\DebugSingleLib\hinge2.obj
C:\svn\ThirdParty\ode-0.12\build\vs2012\obj\DebugSingleLib\IceAABB.obj
C:\svn\ThirdParty\ode-0.12\build\vs2012\obj\DebugSingleLib\IceContainer.obj
C:\svn\ThirdParty\ode-0.12\build\vs2012\obj\DebugSingleLib\IceHPoint.obj
C:\svn\ThirdParty\ode-0.12\build\vs2012\obj\DebugSingleLib\IceIndexedTriangle.obj
C:\svn\ThirdParty\ode-0.12\build\vs2012\obj\DebugSingleLib\IceMatrix3x3.obj
C:\svn\ThirdParty\ode-0.12\build\vs2012\obj\DebugSingleLib\IceMatrix4x4.obj
C:\svn\ThirdParty\ode-0.12\build\vs2012\obj\DebugSingleLib\IceOBB.obj
C:\svn\ThirdParty\ode-0.12\build\vs2012\obj\DebugSingleLib\IcePlane.obj
C:\svn\ThirdParty\ode-0.12\build\vs2012\obj\DebugSingleLib\IcePoint.obj
C:\svn\ThirdParty\ode-0.12\build\vs2012\obj\DebugSingleLib\IceRandom.obj
C:\svn\ThirdParty\ode-0.12\build\vs2012\obj\DebugSingleLib\IceRay.obj
C:\svn\ThirdParty\ode-0.12\build\vs2012\obj\DebugSingleLib\IceRevisitedRadix.obj
C:\svn\ThirdParty\ode-0.12\build\vs2012\obj\DebugSingleLib\IceSegment.obj
C:\svn\ThirdParty\ode-0.12\build\vs2012\obj\DebugSingleLib\IceTriangle.obj
C:\svn\ThirdParty\ode-0.12\build\vs2012\obj\DebugSingleLib\IceUtils.obj
C:\svn\ThirdParty\ode-0.12\build\vs2012\obj\DebugSingleLib\joint.obj
C:\svn\ThirdParty\ode-0.12\build\vs2012\obj\DebugSingleLib\lcp.obj
C:\svn\ThirdParty\ode-0.12\build\vs2012\obj\DebugSingleLib\lmotor.obj
C:\svn\ThirdParty\ode-0.12\build\vs2012\obj\DebugSingleLib\mass.obj
C:\svn\ThirdParty\ode-0.12\build\vs2012\obj\DebugSingleLib\mat.obj
C:\svn\ThirdParty\ode-0.12\build\vs2012\obj\DebugSingleLib\matrix.obj
C:\svn\ThirdParty\ode-0.12\build\vs2012\obj\DebugSingleLib\memory.obj
C:\svn\ThirdParty\ode-0.12\build\vs2012\obj\DebugSingleLib\misc.obj
C:\svn\ThirdParty\ode-0.12\build\vs2012\obj\DebugSingleLib\nextafterf.obj
C:\svn\ThirdParty\ode-0.12\build\vs2012\obj\DebugSingleLib\null.obj
C:\svn\ThirdParty\ode-0.12\build\vs2012\obj\DebugSingleLib\obstack.obj
C:\svn\ThirdParty\ode-0.12\build\vs2012\obj\DebugSingleLib\ode.obj
C:\svn\ThirdParty\ode-0.12\build\vs2012\obj\DebugSingleLib\odeinit.obj
C:\svn\ThirdParty\ode-0.12\build\vs2012\obj\DebugSingleLib\odemath.obj
C:\svn\ThirdParty\ode-0.12\build\vs2012\obj\DebugSingleLib\odeou.obj
C:\svn\ThirdParty\ode-0.12\build\vs2012\obj\DebugSingleLib\odetls.obj
C:\svn\ThirdParty\ode-0.12\build\vs2012\obj\DebugSingleLib\Opcode.obj
C:\svn\ThirdParty\ode-0.12\build\vs2012\obj\DebugSingleLib\OPC_AABBCollider.obj
C:\svn\ThirdParty\ode-0.12\build\vs2012\obj\DebugSingleLib\OPC_AABBTree.obj
C:\svn\ThirdParty\ode-0.12\build\vs2012\obj\DebugSingleLib\OPC_BaseModel.obj
C:\svn\ThirdParty\ode-0.12\build\vs2012\obj\DebugSingleLib\OPC_Collider.obj
C:\svn\ThirdParty\ode-0.12\build\vs2012\obj\DebugSingleLib\OPC_Common.obj
C:\svn\ThirdParty\ode-0.12\build\vs2012\obj\DebugSingleLib\OPC_HybridModel.obj
C:\svn\ThirdParty\ode-0.12\build\vs2012\obj\DebugSingleLib\OPC_LSSCollider.obj
C:\svn\ThirdParty\ode-0.12\build\vs2012\obj\DebugSingleLib\OPC_MeshInterface.obj
C:\svn\ThirdParty\ode-0.12\build\vs2012\obj\DebugSingleLib\OPC_Model.obj
C:\svn\ThirdParty\ode-0.12\build\vs2012\obj\DebugSingleLib\OPC_OBBCollider.obj
C:\svn\ThirdParty\ode-0.12\build\vs2012\obj\DebugSingleLib\OPC_OptimizedTree.obj
C:\svn\ThirdParty\ode-0.12\build\vs2012\obj\DebugSingleLib\OPC_Picking.obj
C:\svn\ThirdParty\ode-0.12\build\vs2012\obj\DebugSingleLib\OPC_PlanesCollider.obj
C:\svn\ThirdParty\ode-0.12\build\vs2012\obj\DebugSingleLib\OPC_RayCollider.obj
C:\svn\ThirdParty\ode-0.12\build\vs2012\obj\DebugSingleLib\OPC_SphereCollider.obj
C:\svn\ThirdParty\ode-0.12\build\vs2012\obj\DebugSingleLib\OPC_TreeBuilders.obj
C:\svn\ThirdParty\ode-0.12\build\vs2012\obj\DebugSingleLib\OPC_TreeCollider.obj
C:\svn\ThirdParty\ode-0.12\build\vs2012\obj\DebugSingleLib\OPC_VolumeCollider.obj
C:\svn\ThirdParty\ode-0.12\build\vs2012\obj\DebugSingleLib\piston.obj
C:\svn\ThirdParty\ode-0.12\build\vs2012\obj\DebugSingleLib\plane.obj
C:\svn\ThirdParty\ode-0.12\build\vs2012\obj\DebugSingleLib\plane2d.obj
C:\svn\ThirdParty\ode-0.12\build\vs2012\obj\DebugSingleLib\pr.obj
C:\svn\ThirdParty\ode-0.12\build\vs2012\obj\DebugSingleLib\pu.obj
C:\svn\ThirdParty\ode-0.12\build\vs2012\obj\DebugSingleLib\quickstep.obj
C:\svn\ThirdParty\ode-0.12\build\vs2012\obj\DebugSingleLib\ray.obj
C:\svn\ThirdParty\ode-0.12\build\vs2012\obj\DebugSingleLib\rotation.obj
C:\svn\ThirdParty\ode-0.12\build\vs2012\obj\DebugSingleLib\slider.obj
C:\svn\ThirdParty\ode-0.12\build\vs2012\obj\DebugSingleLib\sphere.obj
C:\svn\ThirdParty\ode-0.12\build\vs2012\obj\DebugSingleLib\step.obj
C:\svn\ThirdParty\ode-0.12\build\vs2012\obj\DebugSingleLib\timer.obj
C:\svn\ThirdParty\ode-0.12\build\vs2012\obj\DebugSingleLib\universal.obj
C:\svn\ThirdParty\ode-0.12\build\vs2012\obj\DebugSingleLib\util.obj
C:\svn\ThirdParty\ode-0.12\build\vs2012\obj\DebugSingleLib\cl.command.1.tlog
C:\svn\ThirdParty\ode-0.12\build\vs2012\obj\DebugSingleLib\CL.read.1.tlog
C:\svn\ThirdParty\ode-0.12\build\vs2012\obj\DebugSingleLib\CL.write.1.tlog
C:\svn\ThirdParty\ode-0.12\build\vs2012\obj\DebugSingleLib\Lib-link.read.1.tlog
C:\svn\ThirdParty\ode-0.12\build\vs2012\obj\DebugSingleLib\Lib-link.write.1.tlog
C:\svn\ThirdParty\ode-0.12\build\vs2012\obj\DebugSingleLib\lib.command.1.tlog
