Build started 5.12.2014 15:36:00.
     1>Project "C:\svn\ThirdParty\ode-0.12\build\vs2012\ode.vcxproj" on node 2 (Rebuild target(s)).
     1>ClCompile:
         C:\Program Files (x86)\Microsoft Visual Studio 11.0\VC\bin\CL.exe /c /I..\..\include /I..\..\ode\src /I..\..\ode\src\joints /I..\..\OPCODE /I..\..\GIMPACT\include /I..\..\ou\include /I..\..\libccd\src /Zi /nologo /W3 /WX- /MP /Od /Oy- /D _DEBUG /D dSINGLE /D CCD_SINGLE /D WIN32 /D _CRT_SECURE_NO_DEPRECATE /D ODE_LIB /D _MBCS /Gm /EHsc /RTC1 /MDd /GS /Gy /fp:precise /Zc:wchar_t /Zc:forScope /Fo"obj\DebugSingleLib\\" /Fd"..\..\lib\DebugSingleLib\ode.pdb" /Gd /TP /analyze- /errorReport:prompt ..\..\ode\src\joints\amotor.cpp ..\..\ode\src\joints\ball.cpp ..\..\ode\src\joints\contact.cpp ..\..\ode\src\joints\fixed.cpp ..\..\ode\src\joints\hinge.cpp ..\..\ode\src\joints\hinge2.cpp ..\..\ode\src\joints\joint.cpp ..\..\ode\src\joints\lmotor.cpp ..\..\ode\src\joints\null.cpp ..\..\ode\src\joints\piston.cpp ..\..\ode\src\joints\plane2d.cpp ..\..\ode\src\joints\pr.cpp ..\..\ode\src\joints\pu.cpp ..\..\ode\src\joints\slider.cpp ..\..\ode\src\joints\universal.cpp ..\..\ode\src\array.cpp ..\..\ode\src\box.cpp ..\..\ode\src\capsule.cpp ..\..\ode\src\collision_cylinder_box.cpp ..\..\ode\src\collision_cylinder_plane.cpp ..\..\ode\src\collision_cylinder_sphere.cpp ..\..\ode\src\collision_cylinder_trimesh.cpp ..\..\ode\src\collision_kernel.cpp ..\..\ode\src\collision_quadtreespace.cpp ..\..\ode\src\collision_sapspace.cpp ..\..\ode\src\collision_space.cpp ..\..\ode\src\collision_transform.cpp ..\..\ode\src\collision_trimesh_box.cpp ..\..\ode\src\collision_trimesh_ccylinder.cpp ..\..\ode\src\collision_trimesh_disabled.cpp ..\..\ode\src\collision_trimesh_distance.cpp ..\..\ode\src\collision_trimesh_gimpact.cpp ..\..\ode\src\collision_trimesh_opcode.cpp ..\..\ode\src\collision_trimesh_plane.cpp ..\..\ode\src\collision_trimesh_ray.cpp ..\..\ode\src\collision_trimesh_sphere.cpp ..\..\ode\src\collision_trimesh_trimesh.cpp ..\..\ode\src\collision_trimesh_trimesh_new.cpp ..\..\ode\src\collision_util.cpp ..\..\ode\src\convex.cpp ..\..\ode\src\cylinder.cpp ..\..\ode\src\error.cpp "..\..\ode\src\export-dif.cpp" ..\..\ode\src\heightfield.cpp ..\..\ode\src\lcp.cpp ..\..\ode\src\mass.cpp ..\..\ode\src\mat.cpp ..\..\ode\src\matrix.cpp ..\..\ode\src\memory.cpp ..\..\ode\src\misc.cpp ..\..\ode\src\obstack.cpp ..\..\ode\src\ode.cpp ..\..\ode\src\odeinit.cpp ..\..\ode\src\odemath.cpp ..\..\ode\src\odeou.cpp ..\..\ode\src\odetls.cpp ..\..\ode\src\plane.cpp ..\..\ode\src\quickstep.cpp ..\..\ode\src\ray.cpp ..\..\ode\src\rotation.cpp ..\..\ode\src\sphere.cpp ..\..\ode\src\step.cpp ..\..\ode\src\timer.cpp ..\..\ode\src\util.cpp ..\..\OPCODE\Ice\IceAABB.cpp ..\..\OPCODE\Ice\IceContainer.cpp ..\..\OPCODE\Ice\IceHPoint.cpp ..\..\OPCODE\Ice\IceIndexedTriangle.cpp ..\..\OPCODE\Ice\IceMatrix3x3.cpp ..\..\OPCODE\Ice\IceMatrix4x4.cpp ..\..\OPCODE\Ice\IceOBB.cpp ..\..\OPCODE\Ice\IcePlane.cpp ..\..\OPCODE\Ice\IcePoint.cpp ..\..\OPCODE\Ice\IceRandom.cpp ..\..\OPCODE\Ice\IceRay.cpp ..\..\OPCODE\Ice\IceRevisitedRadix.cpp ..\..\OPCODE\Ice\IceSegment.cpp ..\..\OPCODE\Ice\IceTriangle.cpp ..\..\OPCODE\Ice\IceUtils.cpp ..\..\OPCODE\Opcode.cpp ..\..\OPCODE\OPC_AABBCollider.cpp ..\..\OPCODE\OPC_AABBTree.cpp ..\..\OPCODE\OPC_BaseModel.cpp ..\..\OPCODE\OPC_Collider.cpp ..\..\OPCODE\OPC_Common.cpp ..\..\OPCODE\OPC_HybridModel.cpp ..\..\OPCODE\OPC_LSSCollider.cpp ..\..\OPCODE\OPC_MeshInterface.cpp ..\..\OPCODE\OPC_Model.cpp ..\..\OPCODE\OPC_OBBCollider.cpp ..\..\OPCODE\OPC_OptimizedTree.cpp ..\..\OPCODE\OPC_Picking.cpp ..\..\OPCODE\OPC_PlanesCollider.cpp ..\..\OPCODE\OPC_RayCollider.cpp ..\..\OPCODE\OPC_SphereCollider.cpp ..\..\OPCODE\OPC_TreeBuilders.cpp ..\..\OPCODE\OPC_TreeCollider.cpp ..\..\OPCODE\OPC_VolumeCollider.cpp
     1>cl : Command line warning D9030: '/Gm' is incompatible with multiprocessing; ignoring /MP switch
         OPC_VolumeCollider.cpp
         OPC_TreeCollider.cpp
         OPC_TreeBuilders.cpp
         OPC_SphereCollider.cpp
         OPC_RayCollider.cpp
         OPC_PlanesCollider.cpp
         OPC_Picking.cpp
         OPC_OptimizedTree.cpp
         OPC_OBBCollider.cpp
         OPC_Model.cpp
         OPC_MeshInterface.cpp
         OPC_LSSCollider.cpp
         OPC_HybridModel.cpp
         OPC_Common.cpp
         OPC_Collider.cpp
         OPC_BaseModel.cpp
         OPC_AABBTree.cpp
         OPC_AABBCollider.cpp
         Opcode.cpp
         IceUtils.cpp
         Generating Code...
         Compiling...
         IceTriangle.cpp
         IceSegment.cpp
         IceRevisitedRadix.cpp
         IceRay.cpp
         IceRandom.cpp
         IcePoint.cpp
         IcePlane.cpp
         IceOBB.cpp
         IceMatrix4x4.cpp
         IceMatrix3x3.cpp
         IceIndexedTriangle.cpp
         IceHPoint.cpp
         IceContainer.cpp
         IceAABB.cpp
         util.cpp
         timer.cpp
         step.cpp
         sphere.cpp
         rotation.cpp
         ray.cpp
         Generating Code...
         Compiling...
         quickstep.cpp
         plane.cpp
         odetls.cpp
         odeou.cpp
         odemath.cpp
         odeinit.cpp
         ode.cpp
         obstack.cpp
         misc.cpp
         memory.cpp
         matrix.cpp
         mat.cpp
         mass.cpp
         lcp.cpp
         heightfield.cpp
         export-dif.cpp
         error.cpp
         cylinder.cpp
         convex.cpp
         collision_util.cpp
         Generating Code...
         Compiling...
         collision_trimesh_trimesh_new.cpp
         collision_trimesh_trimesh.cpp
         collision_trimesh_sphere.cpp
         collision_trimesh_ray.cpp
         collision_trimesh_plane.cpp
         collision_trimesh_opcode.cpp
         collision_trimesh_gimpact.cpp
         collision_trimesh_distance.cpp
         collision_trimesh_disabled.cpp
         collision_trimesh_ccylinder.cpp
         collision_trimesh_box.cpp
         collision_transform.cpp
         collision_space.cpp
         collision_sapspace.cpp
         collision_quadtreespace.cpp
         collision_kernel.cpp
         collision_cylinder_trimesh.cpp
         collision_cylinder_sphere.cpp
         collision_cylinder_plane.cpp
         collision_cylinder_box.cpp
         Generating Code...
         Compiling...
         capsule.cpp
         box.cpp
         array.cpp
         universal.cpp
         slider.cpp
         pu.cpp
         pr.cpp
         plane2d.cpp
         piston.cpp
         null.cpp
         lmotor.cpp
         joint.cpp
         hinge2.cpp
         hinge.cpp
         fixed.cpp
         contact.cpp
         ball.cpp
         amotor.cpp
         Generating Code...
         C:\Program Files (x86)\Microsoft Visual Studio 11.0\VC\bin\CL.exe /c /I..\..\include /I..\..\ode\src /I..\..\ode\src\joints /I..\..\OPCODE /I..\..\GIMPACT\include /I..\..\ou\include /I..\..\libccd\src /Zi /nologo /W3 /WX- /MP /Od /Oy- /D _DEBUG /D dSINGLE /D CCD_SINGLE /D WIN32 /D _CRT_SECURE_NO_DEPRECATE /D ODE_LIB /D _MBCS /Gm /EHsc /RTC1 /MDd /GS /Gy /fp:precise /Zc:wchar_t /Zc:forScope /Fo"obj\DebugSingleLib\\" /Fd"..\..\lib\DebugSingleLib\ode.pdb" /Gd /TC /analyze- /errorReport:prompt ..\..\ode\src\fastdot.c ..\..\ode\src\fastldlt.c ..\..\ode\src\fastlsolve.c ..\..\ode\src\fastltsolve.c ..\..\ode\src\nextafterf.c
     1>cl : Command line warning D9030: '/Gm' is incompatible with multiprocessing; ignoring /MP switch
         nextafterf.c
         fastltsolve.c
         fastlsolve.c
         fastldlt.c
         fastdot.c
         Generating Code...
     1>C:\Program Files (x86)\MSBuild\Microsoft.Cpp\v4.0\V110\Microsoft.CppBuild.targets(1299,5): warning MSB8012: TargetPath(C:\svn\ThirdParty\ode-0.12\build\vs2012\..\..\lib\DebugSingleLib\ode.lib) does not match the Library's OutputFile property value (C:\svn\ThirdParty\ode-0.12\lib\DebugSingleLib\ode_singled.lib). This may cause your project to build incorrectly. To correct this, please make sure that $(OutDir), $(TargetName) and $(TargetExt) property values match the value specified in %(Lib.OutputFile).
     1>C:\Program Files (x86)\MSBuild\Microsoft.Cpp\v4.0\V110\Microsoft.CppBuild.targets(1301,5): warning MSB8012: TargetName(ode) does not match the Library's OutputFile property value (ode_singled). This may cause your project to build incorrectly. To correct this, please make sure that $(OutDir), $(TargetName) and $(TargetExt) property values match the value specified in %(Lib.OutputFile).
       Lib:
         C:\Program Files (x86)\Microsoft Visual Studio 11.0\VC\bin\Lib.exe /OUT:"..\..\lib\DebugSingleLib\ode_singled.lib" user32.lib /NOLOGO obj\DebugSingleLib\amotor.obj
         obj\DebugSingleLib\ball.obj
         obj\DebugSingleLib\contact.obj
         obj\DebugSingleLib\fixed.obj
         obj\DebugSingleLib\hinge.obj
         obj\DebugSingleLib\hinge2.obj
         obj\DebugSingleLib\joint.obj
         obj\DebugSingleLib\lmotor.obj
         obj\DebugSingleLib\null.obj
         obj\DebugSingleLib\piston.obj
         obj\DebugSingleLib\plane2d.obj
         obj\DebugSingleLib\pr.obj
         obj\DebugSingleLib\pu.obj
         obj\DebugSingleLib\slider.obj
         obj\DebugSingleLib\universal.obj
         obj\DebugSingleLib\fastdot.obj
         obj\DebugSingleLib\fastldlt.obj
         obj\DebugSingleLib\fastlsolve.obj
         obj\DebugSingleLib\fastltsolve.obj
         obj\DebugSingleLib\nextafterf.obj
         obj\DebugSingleLib\array.obj
         obj\DebugSingleLib\box.obj
         obj\DebugSingleLib\capsule.obj
         obj\DebugSingleLib\collision_cylinder_box.obj
         obj\DebugSingleLib\collision_cylinder_plane.obj
         obj\DebugSingleLib\collision_cylinder_sphere.obj
         obj\DebugSingleLib\collision_cylinder_trimesh.obj
         obj\DebugSingleLib\collision_kernel.obj
         obj\DebugSingleLib\collision_quadtreespace.obj
         obj\DebugSingleLib\collision_sapspace.obj
         obj\DebugSingleLib\collision_space.obj
         obj\DebugSingleLib\collision_transform.obj
         obj\DebugSingleLib\collision_trimesh_box.obj
         obj\DebugSingleLib\collision_trimesh_ccylinder.obj
         obj\DebugSingleLib\collision_trimesh_disabled.obj
         obj\DebugSingleLib\collision_trimesh_distance.obj
         obj\DebugSingleLib\collision_trimesh_gimpact.obj
         obj\DebugSingleLib\collision_trimesh_opcode.obj
         obj\DebugSingleLib\collision_trimesh_plane.obj
         obj\DebugSingleLib\collision_trimesh_ray.obj
         obj\DebugSingleLib\collision_trimesh_sphere.obj
         obj\DebugSingleLib\collision_trimesh_trimesh.obj
         obj\DebugSingleLib\collision_trimesh_trimesh_new.obj
         obj\DebugSingleLib\collision_util.obj
         obj\DebugSingleLib\convex.obj
         obj\DebugSingleLib\cylinder.obj
         obj\DebugSingleLib\error.obj
         "obj\DebugSingleLib\export-dif.obj"
         obj\DebugSingleLib\heightfield.obj
         obj\DebugSingleLib\lcp.obj
         obj\DebugSingleLib\mass.obj
         obj\DebugSingleLib\mat.obj
         obj\DebugSingleLib\matrix.obj
         obj\DebugSingleLib\memory.obj
         obj\DebugSingleLib\misc.obj
         obj\DebugSingleLib\obstack.obj
         obj\DebugSingleLib\ode.obj
         obj\DebugSingleLib\odeinit.obj
         obj\DebugSingleLib\odemath.obj
         obj\DebugSingleLib\odeou.obj
         obj\DebugSingleLib\odetls.obj
         obj\DebugSingleLib\plane.obj
         obj\DebugSingleLib\quickstep.obj
         obj\DebugSingleLib\ray.obj
         obj\DebugSingleLib\rotation.obj
         obj\DebugSingleLib\sphere.obj
         obj\DebugSingleLib\step.obj
         obj\DebugSingleLib\timer.obj
         obj\DebugSingleLib\util.obj
         obj\DebugSingleLib\IceAABB.obj
         obj\DebugSingleLib\IceContainer.obj
         obj\DebugSingleLib\IceHPoint.obj
         obj\DebugSingleLib\IceIndexedTriangle.obj
         obj\DebugSingleLib\IceMatrix3x3.obj
         obj\DebugSingleLib\IceMatrix4x4.obj
         obj\DebugSingleLib\IceOBB.obj
         obj\DebugSingleLib\IcePlane.obj
         obj\DebugSingleLib\IcePoint.obj
         obj\DebugSingleLib\IceRandom.obj
         obj\DebugSingleLib\IceRay.obj
         obj\DebugSingleLib\IceRevisitedRadix.obj
         obj\DebugSingleLib\IceSegment.obj
         obj\DebugSingleLib\IceTriangle.obj
         obj\DebugSingleLib\IceUtils.obj
         obj\DebugSingleLib\Opcode.obj
         obj\DebugSingleLib\OPC_AABBCollider.obj
         obj\DebugSingleLib\OPC_AABBTree.obj
         obj\DebugSingleLib\OPC_BaseModel.obj
         obj\DebugSingleLib\OPC_Collider.obj
         obj\DebugSingleLib\OPC_Common.obj
         obj\DebugSingleLib\OPC_HybridModel.obj
         obj\DebugSingleLib\OPC_LSSCollider.obj
         obj\DebugSingleLib\OPC_MeshInterface.obj
         obj\DebugSingleLib\OPC_Model.obj
         obj\DebugSingleLib\OPC_OBBCollider.obj
         obj\DebugSingleLib\OPC_OptimizedTree.obj
         obj\DebugSingleLib\OPC_Picking.obj
         obj\DebugSingleLib\OPC_PlanesCollider.obj
         obj\DebugSingleLib\OPC_RayCollider.obj
         obj\DebugSingleLib\OPC_SphereCollider.obj
         obj\DebugSingleLib\OPC_TreeBuilders.obj
         obj\DebugSingleLib\OPC_TreeCollider.obj
         obj\DebugSingleLib\OPC_VolumeCollider.obj
     1>OPC_Picking.obj : warning LNK4221: This object file does not define any previously undefined public symbols, so it will not be used by any link operation that consumes this library
     1>OPC_Common.obj : warning LNK4221: This object file does not define any previously undefined public symbols, so it will not be used by any link operation that consumes this library
     1>odetls.obj : warning LNK4221: This object file does not define any previously undefined public symbols, so it will not be used by any link operation that consumes this library
     1>collision_trimesh_trimesh.obj : warning LNK4221: This object file does not define any previously undefined public symbols, so it will not be used by any link operation that consumes this library
     1>collision_trimesh_gimpact.obj : warning LNK4221: This object file does not define any previously undefined public symbols, so it will not be used by any link operation that consumes this library
         ode.vcxproj -> C:\svn\ThirdParty\ode-0.12\build\vs2012\..\..\lib\DebugSingleLib\ode.lib
     1>Done Building Project "C:\svn\ThirdParty\ode-0.12\build\vs2012\ode.vcxproj" (Rebuild target(s)).

Build succeeded.

Time Elapsed 00:00:18.99
